Start testing: Jul 25 18:13 SE Asia Standard Time
----------------------------------------------------------
1/2 Testing: MovementValidatorTest.ValidMovement
1/2 Test: MovementValidatorTest.ValidMovement
Command: "C:/Users/irgia/OneDrive/Dokumen/VassagoLabs_Projects/cpp-authoritative-server-core/build/tests/Debug/server_tests.exe" "--gtest_filter=MovementValidatorTest.ValidMovement" "--gtest_also_run_disabled_tests"
Directory: C:/Users/irgia/OneDrive/Dokumen/VassagoLabs_Projects/cpp-authoritative-server-core/build/tests
"MovementValidatorTest.ValidMovement" start time: Jul 25 18:13 SE Asia Standard Time
Output:
----------------------------------------------------------
Running main() from C:\Users\irgia\OneDrive\Dokumen\VassagoLabs_Projects\cpp-authoritative-server-core\build\_deps\googletest-src\googletest\src\gtest_main.cc
Note: Google Test filter = MovementValidatorTest.ValidMovement
[==========] Running 1 test from 1 test suite.
[----------] Global test environment set-up.
[----------] 1 test from MovementValidatorTest
[ RUN      ] MovementValidatorTest.ValidMovement
[       OK ] MovementValidatorTest.ValidMovement (0 ms)
[----------] 1 test from MovementValidatorTest (0 ms total)

[----------] Global test environment tear-down
[==========] 1 test from 1 test suite ran. (0 ms total)
[  PASSED  ] 1 test.
<end of output>
Test time =   0.01 sec
----------------------------------------------------------
Test Passed.
"MovementValidatorTest.ValidMovement" end time: Jul 25 18:13 SE Asia Standard Time
"MovementValidatorTest.ValidMovement" time elapsed: 00:00:00
----------------------------------------------------------

2/2 Testing: MovementValidatorTest.SpeedhackBlocked
2/2 Test: MovementValidatorTest.SpeedhackBlocked
Command: "C:/Users/irgia/OneDrive/Dokumen/VassagoLabs_Projects/cpp-authoritative-server-core/build/tests/Debug/server_tests.exe" "--gtest_filter=MovementValidatorTest.SpeedhackBlocked" "--gtest_also_run_disabled_tests"
Directory: C:/Users/irgia/OneDrive/Dokumen/VassagoLabs_Projects/cpp-authoritative-server-core/build/tests
"MovementValidatorTest.SpeedhackBlocked" start time: Jul 25 18:13 SE Asia Standard Time
Output:
----------------------------------------------------------
Running main() from C:\Users\irgia\OneDrive\Dokumen\VassagoLabs_Projects\cpp-authoritative-server-core\build\_deps\googletest-src\googletest\src\gtest_main.cc
Note: Google Test filter = MovementValidatorTest.SpeedhackBlocked
[==========] Running 1 test from 1 test suite.
[----------] Global test environment set-up.
[----------] 1 test from MovementValidatorTest
[ RUN      ] MovementValidatorTest.SpeedhackBlocked
[       OK ] MovementValidatorTest.SpeedhackBlocked (0 ms)
[----------] 1 test from MovementValidatorTest (0 ms total)

[----------] Global test environment tear-down
[==========] 1 test from 1 test suite ran. (0 ms total)
[  PASSED  ] 1 test.
<end of output>
Test time =   0.01 sec
----------------------------------------------------------
Test Passed.
"MovementValidatorTest.SpeedhackBlocked" end time: Jul 25 18:13 SE Asia Standard Time
"MovementValidatorTest.SpeedhackBlocked" time elapsed: 00:00:00
----------------------------------------------------------

End testing: Jul 25 18:13 SE Asia Standard Time
